<?xml version="1.0" encoding="UTF-8"?>
<testsuite xmlns:xsi="http://www.w3.org/2001/XMLSchema-instance" xsi:noNamespaceSchemaLocation="https://maven.apache.org/surefire/maven-surefire-plugin/xsd/surefire-test-report-3.0.xsd" version="3.0" name="com.barnard.javactatraintracker.JavaCtaTrainTrackerApplicationTests" time="1.313" tests="1" errors="0" skipped="0" failures="0">
  <properties>
[...]
</properties>
  <testcase name="contextLoads" classname="com.barnard.javactatraintracker.JavaCtaTrainTrackerApplicationTests" time="0.43">
    <system-out><![CDATA[20:32:12.457 [main] INFO org.springframework.test.context.support.AnnotationConfigContextLoaderUtils -- Could not detect default configuration classes for test class [com.barnard.javactatraintracker.JavaCtaTrainTrackerApplicationTests]: JavaCtaTrainTrackerApplicationTests does not declare any static, non-private, non-final, nested classes annotated with @Configuration.
20:32:12.497 [main] INFO org.springframework.boot.test.context.SpringBootTestContextBootstrapper -- Found @SpringBootConfiguration com.barnard.javactatraintracker.JavaCtaTrainTrackerApplication for test class com.barnard.javactatraintracker.JavaCtaTrainTrackerApplicationTests
20:32:12.557 [main] INFO org.springframework.boot.devtools.restart.RestartApplicationListener -- Restart disabled due to context in which it is running
CTA Train Tracker designed by Will Barnard 2024

2024-03-06T20:32:12.655-06:00  INFO 17840 --- [           main] .b.j.JavaCtaTrainTrackerApplicationTests : Starting JavaCtaTrainTrackerApplicationTests using Java 21.0.1 with PID 17840 (started by will in /Users/will/workspace/cta-train-tracker/java-cta-train-tracker)
2024-03-06T20:32:12.657-06:00  INFO 17840 --- [           main] .b.j.JavaCtaTrainTrackerApplicationTests : No active profile set, falling back to 1 default profile: "default"
2024-03-06T20:32:13.252-06:00  INFO 17840 --- [           main] .b.j.JavaCtaTrainTrackerApplicationTests : Started JavaCtaTrainTrackerApplicationTests in 0.7 seconds (process running for 1.089)
2024-03-06T20:32:13.388-06:00  INFO 17840 --- [   scheduling-1] com.zaxxer.hikari.HikariDataSource       : traintracker - Starting...
]]></system-out>
    <system-err><![CDATA[WARNING: A Java agent has been loaded dynamically (/Users/will/.m2/repository/net/bytebuddy/byte-buddy-agent/1.14.11/byte-buddy-agent-1.14.11.jar)
WARNING: If a serviceability tool is in use, please run with -XX:+EnableDynamicAgentLoading to hide this warning
WARNING: If a serviceability tool is not in use, please run with -Djdk.instrument.traceUsage for more information
WARNING: Dynamic loading of agents will be disallowed by default in a future release
]]></system-err>
  </testcase>
</testsuite>